2020-04-17 22:04:02 method: com.lemon.cases.BaseCase.init(BaseCase.java:26) - [ INFO ]----===============项目初始化====================
2020-04-17 22:04:03 method: com.lemon.cases.BaseCase.init(BaseCase.java:29) - [ INFO ]----===============参数初始化====================
2020-04-17 22:04:09 method: com.lemon.cases.BaseCase.finish(BaseCase.java:153) - [ INFO ]----===============项目结束====================
2020-04-17 22:07:42 method: com.lemon.cases.BaseCase.init(BaseCase.java:26) - [ INFO ]----===============项目初始化====================
2020-04-17 22:07:43 method: com.lemon.cases.BaseCase.init(BaseCase.java:29) - [ INFO ]----===============参数初始化====================
2020-04-17 22:07:50 method: com.lemon.cases.BaseCase.finish(BaseCase.java:152) - [ INFO ]----===============项目结束====================
2020-04-17 22:10:56 method: com.lemon.cases.BaseCase.init(BaseCase.java:26) - [ INFO ]----===============项目初始化====================
2020-04-17 22:10:57 method: com.lemon.cases.BaseCase.init(BaseCase.java:29) - [ INFO ]----===============参数初始化====================
2020-04-17 22:11:00 method: com.lemon.utils.HttpUtils.printResponseAndReturnBody(HttpUtils.java:201) - [ INFO ]----响应头： [Server: nginx/1.4.2, Date: Fri, 17 Apr 2020 14:10:59 GMT, Content-Type: application/json;charset=UTF-8, Transfer-Encoding: chunked, Connection: keep-alive]
2020-04-17 22:11:00 method: com.lemon.utils.HttpUtils.printResponseAndReturnBody(HttpUtils.java:204) - [ INFO ]----响应体： {"code":1,"msg":"密码为空","data":null,"copyright":"Copyright 柠檬班 © 2017-2019 湖南省零檬信息技术有限公司 All Rights Reserved"}
2020-04-17 22:11:00 method: com.lemon.utils.HttpUtils.printResponseAndReturnBody(HttpUtils.java:206) - [ INFO ]----状态码： 200
2020-04-17 22:11:00 method: com.lemon.utils.HttpUtils.printResponseAndReturnBody(HttpUtils.java:201) - [ INFO ]----响应头： [Server: nginx/1.4.2, Date: Fri, 17 Apr 2020 14:10:59 GMT, Content-Type: application/json;charset=UTF-8, Transfer-Encoding: chunked, Connection: keep-alive]
2020-04-17 22:11:00 method: com.lemon.utils.HttpUtils.printResponseAndReturnBody(HttpUtils.java:204) - [ INFO ]----响应体： {"code":1,"msg":"手机号为空","data":null,"copyright":"Copyright 柠檬班 © 2017-2019 湖南省零檬信息技术有限公司 All Rights Reserved"}
2020-04-17 22:11:00 method: com.lemon.utils.HttpUtils.printResponseAndReturnBody(HttpUtils.java:206) - [ INFO ]----状态码： 200
2020-04-17 22:11:00 method: com.lemon.utils.HttpUtils.printResponseAndReturnBody(HttpUtils.java:201) - [ INFO ]----响应头： [Server: nginx/1.4.2, Date: Fri, 17 Apr 2020 14:10:59 GMT, Content-Type: application/json;charset=UTF-8, Transfer-Encoding: chunked, Connection: keep-alive]
2020-04-17 22:11:00 method: com.lemon.utils.HttpUtils.printResponseAndReturnBody(HttpUtils.java:204) - [ INFO ]----响应体： {"code":2,"msg":"无效的手机格式","data":null,"copyright":"Copyright 柠檬班 © 2017-2019 湖南省零檬信息技术有限公司 All Rights Reserved"}
2020-04-17 22:11:00 method: com.lemon.utils.HttpUtils.printResponseAndReturnBody(HttpUtils.java:206) - [ INFO ]----状态码： 200
2020-04-17 22:11:00 method: com.lemon.utils.HttpUtils.printResponseAndReturnBody(HttpUtils.java:201) - [ INFO ]----响应头： [Server: nginx/1.4.2, Date: Fri, 17 Apr 2020 14:10:59 GMT, Content-Type: application/json;charset=UTF-8, Transfer-Encoding: chunked, Connection: keep-alive]
2020-04-17 22:11:00 method: com.lemon.utils.HttpUtils.printResponseAndReturnBody(HttpUtils.java:204) - [ INFO ]----响应体： {"code":2,"msg":"密码格式为8到16位","data":null,"copyright":"Copyright 柠檬班 © 2017-2019 湖南省零檬信息技术有限公司 All Rights Reserved"}
2020-04-17 22:11:00 method: com.lemon.utils.HttpUtils.printResponseAndReturnBody(HttpUtils.java:206) - [ INFO ]----状态码： 200
2020-04-17 22:11:01 method: com.lemon.utils.HttpUtils.printResponseAndReturnBody(HttpUtils.java:201) - [ INFO ]----响应头： [Server: nginx/1.4.2, Date: Fri, 17 Apr 2020 14:11:00 GMT, Content-Type: application/json;charset=UTF-8, Transfer-Encoding: chunked, Connection: keep-alive]
2020-04-17 22:11:01 method: com.lemon.utils.HttpUtils.printResponseAndReturnBody(HttpUtils.java:204) - [ INFO ]----响应体： {"code":0,"msg":"OK","data":{"id":8037348,"reg_name":"小柠檬","mobile_phone":"13363097865"},"copyright":"Copyright 柠檬班 © 2017-2019 湖南省零檬信息技术有限公司 All Rights Reserved"}
2020-04-17 22:11:01 method: com.lemon.utils.HttpUtils.printResponseAndReturnBody(HttpUtils.java:206) - [ INFO ]----状态码： 200
2020-04-17 22:11:01 method: com.lemon.utils.HttpUtils.printResponseAndReturnBody(HttpUtils.java:201) - [ INFO ]----响应头： [Server: nginx/1.4.2, Date: Fri, 17 Apr 2020 14:11:00 GMT, Content-Type: application/json;charset=UTF-8, Transfer-Encoding: chunked, Connection: keep-alive]
2020-04-17 22:11:01 method: com.lemon.utils.HttpUtils.printResponseAndReturnBody(HttpUtils.java:204) - [ INFO ]----响应体： {"code":2,"msg":"账号已存在","data":null,"copyright":"Copyright 柠檬班 © 2017-2019 湖南省零檬信息技术有限公司 All Rights Reserved"}
2020-04-17 22:11:01 method: com.lemon.utils.HttpUtils.printResponseAndReturnBody(HttpUtils.java:206) - [ INFO ]----状态码： 200
2020-04-17 22:11:01 method: com.lemon.utils.HttpUtils.printResponseAndReturnBody(HttpUtils.java:201) - [ INFO ]----响应头： [Server: nginx/1.4.2, Date: Fri, 17 Apr 2020 14:11:00 GMT, Content-Type: application/json;charset=UTF-8, Transfer-Encoding: chunked, Connection: keep-alive]
2020-04-17 22:11:01 method: com.lemon.utils.HttpUtils.printResponseAndReturnBody(HttpUtils.java:204) - [ INFO ]----响应体： {"code":2,"msg":"密码为空","data":null,"copyright":"Copyright 柠檬班 © 2017-2019 湖南省零檬信息技术有限公司 All Rights Reserved"}
2020-04-17 22:11:01 method: com.lemon.utils.HttpUtils.printResponseAndReturnBody(HttpUtils.java:206) - [ INFO ]----状态码： 200
2020-04-17 22:11:02 method: com.lemon.utils.HttpUtils.printResponseAndReturnBody(HttpUtils.java:201) - [ INFO ]----响应头： [Server: nginx/1.4.2, Date: Fri, 17 Apr 2020 14:11:01 GMT, Content-Type: application/json;charset=UTF-8, Transfer-Encoding: chunked, Connection: keep-alive]
2020-04-17 22:11:02 method: com.lemon.utils.HttpUtils.printResponseAndReturnBody(HttpUtils.java:204) - [ INFO ]----响应体： {"code":2,"msg":"手机号码为空","data":null,"copyright":"Copyright 柠檬班 © 2017-2019 湖南省零檬信息技术有限公司 All Rights Reserved"}
2020-04-17 22:11:02 method: com.lemon.utils.HttpUtils.printResponseAndReturnBody(HttpUtils.java:206) - [ INFO ]----状态码： 200
2020-04-17 22:11:02 method: com.lemon.utils.HttpUtils.printResponseAndReturnBody(HttpUtils.java:201) - [ INFO ]----响应头： [Server: nginx/1.4.2, Date: Fri, 17 Apr 2020 14:11:01 GMT, Content-Type: application/json;charset=UTF-8, Transfer-Encoding: chunked, Connection: keep-alive]
2020-04-17 22:11:02 method: com.lemon.utils.HttpUtils.printResponseAndReturnBody(HttpUtils.java:204) - [ INFO ]----响应体： {"code":1001,"msg":"账号信息错误","data":null,"copyright":"Copyright 柠檬班 © 2017-2019 湖南省零檬信息技术有限公司 All Rights Reserved"}
2020-04-17 22:11:02 method: com.lemon.utils.HttpUtils.printResponseAndReturnBody(HttpUtils.java:206) - [ INFO ]----状态码： 200
2020-04-17 22:11:02 method: com.lemon.utils.HttpUtils.printResponseAndReturnBody(HttpUtils.java:201) - [ INFO ]----响应头： [Server: nginx/1.4.2, Date: Fri, 17 Apr 2020 14:11:01 GMT, Content-Type: application/json;charset=UTF-8, Transfer-Encoding: chunked, Connection: keep-alive]
2020-04-17 22:11:02 method: com.lemon.utils.HttpUtils.printResponseAndReturnBody(HttpUtils.java:204) - [ INFO ]----响应体： {"code":1001,"msg":"账号信息错误","data":null,"copyright":"Copyright 柠檬班 © 2017-2019 湖南省零檬信息技术有限公司 All Rights Reserved"}
2020-04-17 22:11:02 method: com.lemon.utils.HttpUtils.printResponseAndReturnBody(HttpUtils.java:206) - [ INFO ]----状态码： 200
2020-04-17 22:11:03 method: com.lemon.utils.HttpUtils.printResponseAndReturnBody(HttpUtils.java:201) - [ INFO ]----响应头： [Server: nginx/1.4.2, Date: Fri, 17 Apr 2020 14:11:02 GMT, Content-Type: application/json;charset=UTF-8, Transfer-Encoding: chunked, Connection: keep-alive]
2020-04-17 22:11:03 method: com.lemon.utils.HttpUtils.printResponseAndReturnBody(HttpUtils.java:204) - [ INFO ]----响应体： {"code":0,"msg":"OK","data":{"id":8037184,"leave_amount":50400.48,"mobile_phone":"13461729221","reg_name":"小柠檬","reg_time":"2020-04-17 18:06:59.0","type":1,"token_info":{"token_type":"Bearer","expires_in":"2020-04-17 22:16:02","token":"eyJhbGciOiJIUzUxMiJ9.eyJtZW1iZXJfaWQiOjgwMzcxODQsImV4cCI6MTU4NzEzMjk2Mn0.Ax7ycM3lrwryUB-Zptb4a9MpkJuieidA4F1QZdsgo229HAdpwAYX0aV5WAHDZ72nb68NhFHPA3J3mKD_dLooEw"}},"copyright":"Copyright 柠檬班 © 2017-2019 湖南省零檬信息技术有限公司 All Rights Reserved"}
2020-04-17 22:11:03 method: com.lemon.utils.HttpUtils.printResponseAndReturnBody(HttpUtils.java:206) - [ INFO ]----状态码： 200
2020-04-17 22:11:03 method: com.lemon.utils.HttpUtils.printResponseAndReturnBody(HttpUtils.java:201) - [ INFO ]----响应头： [Server: nginx/1.4.2, Date: Fri, 17 Apr 2020 14:11:02 GMT, Content-Type: application/json;charset=UTF-8, Transfer-Encoding: chunked, Connection: keep-alive]
2020-04-17 22:11:03 method: com.lemon.utils.HttpUtils.printResponseAndReturnBody(HttpUtils.java:204) - [ INFO ]----响应体： {"code":0,"msg":"OK","data":{"id":8037184,"leave_amount":56700.48,"mobile_phone":"13461729221","reg_name":"小柠檬","reg_time":"2020-04-17 18:06:59.0","type":1},"copyright":"Copyright 柠檬班 © 2017-2019 湖南省零檬信息技术有限公司 All Rights Reserved"}
2020-04-17 22:11:03 method: com.lemon.utils.HttpUtils.printResponseAndReturnBody(HttpUtils.java:206) - [ INFO ]----状态码： 200
2020-04-17 22:11:03 method: com.lemon.utils.HttpUtils.printResponseAndReturnBody(HttpUtils.java:201) - [ INFO ]----响应头： [Server: nginx/1.4.2, Date: Fri, 17 Apr 2020 14:11:02 GMT, Content-Type: application/json;charset=UTF-8, Transfer-Encoding: chunked, Connection: keep-alive]
2020-04-17 22:11:03 method: com.lemon.utils.HttpUtils.printResponseAndReturnBody(HttpUtils.java:204) - [ INFO ]----响应体： {"code":2,"msg":"余额必须大于0并且小于或者等于500000","data":null,"copyright":"Copyright 柠檬班 © 2017-2019 湖南省零檬信息技术有限公司 All Rights Reserved"}
2020-04-17 22:11:03 method: com.lemon.utils.HttpUtils.printResponseAndReturnBody(HttpUtils.java:206) - [ INFO ]----状态码： 200
2020-04-17 22:11:03 method: com.lemon.utils.HttpUtils.printResponseAndReturnBody(HttpUtils.java:201) - [ INFO ]----响应头： [Server: nginx/1.4.2, Date: Fri, 17 Apr 2020 14:11:02 GMT, Content-Type: application/json;charset=UTF-8, Transfer-Encoding: chunked, Connection: keep-alive]
2020-04-17 22:11:03 method: com.lemon.utils.HttpUtils.printResponseAndReturnBody(HttpUtils.java:204) - [ INFO ]----响应体： {"code":2,"msg":"余额必须大于0并且小于或者等于500000","data":null,"copyright":"Copyright 柠檬班 © 2017-2019 湖南省零檬信息技术有限公司 All Rights Reserved"}
2020-04-17 22:11:03 method: com.lemon.utils.HttpUtils.printResponseAndReturnBody(HttpUtils.java:206) - [ INFO ]----状态码： 200
2020-04-17 22:11:03 method: com.lemon.utils.HttpUtils.printResponseAndReturnBody(HttpUtils.java:201) - [ INFO ]----响应头： [Server: nginx/1.4.2, Date: Fri, 17 Apr 2020 14:11:02 GMT, Content-Type: application/json;charset=UTF-8, Transfer-Encoding: chunked, Connection: keep-alive]
2020-04-17 22:11:03 method: com.lemon.utils.HttpUtils.printResponseAndReturnBody(HttpUtils.java:204) - [ INFO ]----响应体： {"code":2,"msg":"数字格式化异常","data":null,"copyright":"Copyright 柠檬班 © 2017-2019 湖南省零檬信息技术有限公司 All Rights Reserved"}
2020-04-17 22:11:03 method: com.lemon.utils.HttpUtils.printResponseAndReturnBody(HttpUtils.java:206) - [ INFO ]----状态码： 200
2020-04-17 22:11:04 method: com.lemon.utils.HttpUtils.printResponseAndReturnBody(HttpUtils.java:201) - [ INFO ]----响应头： [Server: nginx/1.4.2, Date: Fri, 17 Apr 2020 14:11:03 GMT, Content-Type: application/json;charset=UTF-8, Transfer-Encoding: chunked, Connection: keep-alive]
2020-04-17 22:11:04 method: com.lemon.utils.HttpUtils.printResponseAndReturnBody(HttpUtils.java:204) - [ INFO ]----响应体： {"code":0,"msg":"OK","data":{"id":8037184,"leave_amount":63000.6,"mobile_phone":"13461729221","reg_name":"小柠檬","reg_time":"2020-04-17 18:06:59.0","type":1},"copyright":"Copyright 柠檬班 © 2017-2019 湖南省零檬信息技术有限公司 All Rights Reserved"}
2020-04-17 22:11:04 method: com.lemon.utils.HttpUtils.printResponseAndReturnBody(HttpUtils.java:206) - [ INFO ]----状态码： 200
2020-04-17 22:11:04 method: com.lemon.cases.BaseCase.finish(BaseCase.java:152) - [ INFO ]----===============项目结束====================
